<?xml version="1.0" encoding="UTF-8"?>
<testng-results ignored="0" total="8" passed="8" failed="0" skipped="0">
  <reporter-output>
  </reporter-output>
  <suite started-at="2021-10-14T12:11:38 IST" name="Default suite" finished-at="2021-10-14T12:13:41 IST" duration-ms="122728">
    <groups>
    </groups>
    <test started-at="2021-10-14T12:11:38 IST" name="Default test" finished-at="2021-10-14T12:13:41 IST" duration-ms="122728">
      <class name="testcases.User_Group_Testcases">
        <test-method is-config="true" signature="initExtentreport()[pri:0, instance:testcases.User_Group_Testcases@53aac487]" started-at="2021-10-14T12:11:38 IST" name="initExtentreport" finished-at="2021-10-14T12:11:39 IST" duration-ms="291" status="PASS">
          <reporter-output>
          </reporter-output>
        </test-method> <!-- initExtentreport -->
        <test-method is-config="true" signature="setup()[pri:0, instance:testcases.User_Group_Testcases@53aac487]" started-at="2021-10-14T12:11:39 IST" name="setup" finished-at="2021-10-14T12:11:44 IST" duration-ms="5242" status="PASS">
          <reporter-output>
          </reporter-output>
        </test-method> <!-- setup -->
        <test-method signature="Verify_menus()[pri:1, instance:testcases.User_Group_Testcases@53aac487]" started-at="2021-10-14T12:11:44 IST" name="Verify_menus" finished-at="2021-10-14T12:11:49 IST" duration-ms="5458" status="PASS">
          <reporter-output>
          </reporter-output>
        </test-method> <!-- Verify_menus -->
        <test-method is-config="true" signature="teardown()[pri:0, instance:testcases.User_Group_Testcases@53aac487]" started-at="2021-10-14T12:11:49 IST" name="teardown" finished-at="2021-10-14T12:11:50 IST" duration-ms="159" status="PASS">
          <reporter-output>
          </reporter-output>
        </test-method> <!-- teardown -->
        <test-method is-config="true" signature="setup()[pri:0, instance:testcases.User_Group_Testcases@53aac487]" started-at="2021-10-14T12:11:50 IST" name="setup" finished-at="2021-10-14T12:11:53 IST" duration-ms="3743" status="PASS">
          <reporter-output>
          </reporter-output>
        </test-method> <!-- setup -->
        <test-method signature="Verify_search()[pri:2, instance:testcases.User_Group_Testcases@53aac487]" started-at="2021-10-14T12:11:53 IST" name="Verify_search" finished-at="2021-10-14T12:12:04 IST" duration-ms="10629" status="PASS">
          <reporter-output>
          </reporter-output>
        </test-method> <!-- Verify_search -->
        <test-method is-config="true" signature="teardown()[pri:0, instance:testcases.User_Group_Testcases@53aac487]" started-at="2021-10-14T12:12:04 IST" name="teardown" finished-at="2021-10-14T12:12:04 IST" duration-ms="139" status="PASS">
          <reporter-output>
          </reporter-output>
        </test-method> <!-- teardown -->
        <test-method is-config="true" signature="setup()[pri:0, instance:testcases.User_Group_Testcases@53aac487]" started-at="2021-10-14T12:12:04 IST" name="setup" finished-at="2021-10-14T12:12:09 IST" duration-ms="4344" status="PASS">
          <reporter-output>
          </reporter-output>
        </test-method> <!-- setup -->
        <test-method signature="Verify_Enable_filter()[pri:3, instance:testcases.User_Group_Testcases@53aac487]" started-at="2021-10-14T12:12:09 IST" name="Verify_Enable_filter" finished-at="2021-10-14T12:12:19 IST" duration-ms="10552" status="PASS">
          <reporter-output>
          </reporter-output>
        </test-method> <!-- Verify_Enable_filter -->
        <test-method is-config="true" signature="teardown()[pri:0, instance:testcases.User_Group_Testcases@53aac487]" started-at="2021-10-14T12:12:19 IST" name="teardown" finished-at="2021-10-14T12:12:19 IST" duration-ms="204" status="PASS">
          <reporter-output>
          </reporter-output>
        </test-method> <!-- teardown -->
        <test-method is-config="true" signature="setup()[pri:0, instance:testcases.User_Group_Testcases@53aac487]" started-at="2021-10-14T12:12:19 IST" name="setup" finished-at="2021-10-14T12:12:23 IST" duration-ms="3724" status="PASS">
          <reporter-output>
          </reporter-output>
        </test-method> <!-- setup -->
        <test-method signature="Verify_Enable_grouping()[pri:4, instance:testcases.User_Group_Testcases@53aac487]" started-at="2021-10-14T12:12:23 IST" name="Verify_Enable_grouping" finished-at="2021-10-14T12:12:33 IST" duration-ms="10484" status="PASS">
          <reporter-output>
          </reporter-output>
        </test-method> <!-- Verify_Enable_grouping -->
        <test-method is-config="true" signature="teardown()[pri:0, instance:testcases.User_Group_Testcases@53aac487]" started-at="2021-10-14T12:12:33 IST" name="teardown" finished-at="2021-10-14T12:12:34 IST" duration-ms="141" status="PASS">
          <reporter-output>
          </reporter-output>
        </test-method> <!-- teardown -->
        <test-method is-config="true" signature="setup()[pri:0, instance:testcases.User_Group_Testcases@53aac487]" started-at="2021-10-14T12:12:34 IST" name="setup" finished-at="2021-10-14T12:12:37 IST" duration-ms="3708" status="PASS">
          <reporter-output>
          </reporter-output>
        </test-method> <!-- setup -->
        <test-method signature="Verify_AddUserGroup()[pri:5, instance:testcases.User_Group_Testcases@53aac487]" started-at="2021-10-14T12:12:37 IST" name="Verify_AddUserGroup" finished-at="2021-10-14T12:12:54 IST" duration-ms="16963" status="PASS">
          <reporter-output>
          </reporter-output>
        </test-method> <!-- Verify_AddUserGroup -->
        <test-method is-config="true" signature="teardown()[pri:0, instance:testcases.User_Group_Testcases@53aac487]" started-at="2021-10-14T12:12:54 IST" name="teardown" finished-at="2021-10-14T12:12:54 IST" duration-ms="142" status="PASS">
          <reporter-output>
          </reporter-output>
        </test-method> <!-- teardown -->
        <test-method is-config="true" signature="setup()[pri:0, instance:testcases.User_Group_Testcases@53aac487]" started-at="2021-10-14T12:12:54 IST" name="setup" finished-at="2021-10-14T12:12:59 IST" duration-ms="4246" status="PASS">
          <reporter-output>
          </reporter-output>
        </test-method> <!-- setup -->
        <test-method signature="verify_Export_Excel()[pri:5, instance:testcases.User_Group_Testcases@53aac487]" started-at="2021-10-14T12:12:59 IST" name="verify_Export_Excel" finished-at="2021-10-14T12:13:15 IST" duration-ms="16786" status="PASS">
          <reporter-output>
          </reporter-output>
        </test-method> <!-- verify_Export_Excel -->
        <test-method is-config="true" signature="teardown()[pri:0, instance:testcases.User_Group_Testcases@53aac487]" started-at="2021-10-14T12:13:15 IST" name="teardown" finished-at="2021-10-14T12:13:16 IST" duration-ms="126" status="PASS">
          <reporter-output>
          </reporter-output>
        </test-method> <!-- teardown -->
        <test-method is-config="true" signature="setup()[pri:0, instance:testcases.User_Group_Testcases@53aac487]" started-at="2021-10-14T12:13:16 IST" name="setup" finished-at="2021-10-14T12:13:20 IST" duration-ms="4311" status="PASS">
          <reporter-output>
          </reporter-output>
        </test-method> <!-- setup -->
        <test-method signature="Verify_UpdateUserGroup()[pri:6, instance:testcases.User_Group_Testcases@53aac487]" started-at="2021-10-14T12:13:20 IST" name="Verify_UpdateUserGroup" finished-at="2021-10-14T12:13:32 IST" depends-on-methods="testcases.User_Group_Testcases.Verify_AddUserGroup" duration-ms="11720" status="PASS">
          <reporter-output>
          </reporter-output>
        </test-method> <!-- Verify_UpdateUserGroup -->
        <test-method is-config="true" signature="teardown()[pri:0, instance:testcases.User_Group_Testcases@53aac487]" started-at="2021-10-14T12:13:32 IST" name="teardown" finished-at="2021-10-14T12:13:32 IST" duration-ms="143" status="PASS">
          <reporter-output>
          </reporter-output>
        </test-method> <!-- teardown -->
        <test-method is-config="true" signature="setup()[pri:0, instance:testcases.User_Group_Testcases@53aac487]" started-at="2021-10-14T12:13:32 IST" name="setup" finished-at="2021-10-14T12:13:35 IST" duration-ms="3659" status="PASS">
          <reporter-output>
          </reporter-output>
        </test-method> <!-- setup -->
        <test-method signature="Verify_DeleteUserGroup()[pri:7, instance:testcases.User_Group_Testcases@53aac487]" started-at="2021-10-14T12:13:35 IST" name="Verify_DeleteUserGroup" finished-at="2021-10-14T12:13:41 IST" depends-on-methods="testcases.User_Group_Testcases.Verify_AddUserGroup, testcases.User_Group_Testcases.Verify_UpdateUserGroup" duration-ms="5265" status="PASS">
          <reporter-output>
          </reporter-output>
        </test-method> <!-- Verify_DeleteUserGroup -->
        <test-method is-config="true" signature="teardown()[pri:0, instance:testcases.User_Group_Testcases@53aac487]" started-at="2021-10-14T12:13:41 IST" name="teardown" finished-at="2021-10-14T12:13:41 IST" duration-ms="129" status="PASS">
          <reporter-output>
          </reporter-output>
        </test-method> <!-- teardown -->
        <test-method is-config="true" signature="flushextent()[pri:0, instance:testcases.User_Group_Testcases@53aac487]" started-at="2021-10-14T12:13:41 IST" name="flushextent" finished-at="2021-10-14T12:13:41 IST" duration-ms="366" status="PASS">
          <reporter-output>
          </reporter-output>
        </test-method> <!-- flushextent -->
      </class> <!-- testcases.User_Group_Testcases -->
    </test> <!-- Default test -->
  </suite> <!-- Default suite -->
</testng-results>
