<?xml version="1.0" encoding="UTF-8"?>
<!-- Generated by org.testng.reporters.JUnitXMLReporter -->
<testsuite ignored="3" hostname="OPTISSD9" failures="0" tests="1" name="Default test" time="11.81" errors="0" timestamp="2021-10-20T18:30:43 IST">
  <testcase classname="testcases.RolePage_Testcases" name="Verify_title" time="5.525"/>
  <testcase classname="testcases.RolePage_Testcases" name="Verify_AddRole" time="0.0">
    <ignored/>
  </testcase> <!-- Verify_AddRole -->
  <testcase classname="testcases.RolePage_Testcases" name="Verify_Delete_Roles" time="0.0">
    <ignored/>
  </testcase> <!-- Verify_Delete_Roles -->
  <testcase classname="testcases.RolePage_Testcases" name="Verify_Update_Roles" time="0.0">
    <ignored/>
  </testcase> <!-- Verify_Update_Roles -->
</testsuite> <!-- Default test -->
